2025-11-22 21:56:06,915 - college-recommender - INFO - ÕıÔÚ³õÊ¼»¯ÍÆ¼öÏµÍ³£¬Êı¾İ¿âÂ·¾¶: data/admissions.db
2025-11-22 21:56:06,918 - college-recommender - ERROR - ·şÎñ½«ÎŞ·¨Õı³£ÔËĞĞ£¬Çë¼ì²éÊı¾İ¿âÅäÖÃ
2025-11-22 21:56:06,951 - college-recommender - INFO - ÕıÔÚ³õÊ¼»¯ÍÆ¼öÏµÍ³£¬Êı¾İ¿âÂ·¾¶: data/admissions.db
2025-11-22 21:56:07,058 - college-recommender - ERROR - ·şÎñ½«ÎŞ·¨Õı³£ÔËĞĞ£¬Çë¼ì²éÊı¾İ¿âÅäÖÃ
2025-11-22 21:56:07,168 - college-recommender - INFO - FastAPI °æ±¾: 0.33.0
2025-11-22 21:56:14,718 - college-recommender - INFO - ÕıÔÚ³õÊ¼»¯ÍÆ¼öÏµÍ³£¬Êı¾İ¿âÂ·¾¶: data/admissions.db
2025-11-22 21:56:14,720 - college-recommender - ERROR - ·şÎñ½«ÎŞ·¨Õı³£ÔËĞĞ£¬Çë¼ì²éÊı¾İ¿âÅäÖÃ
2025-11-22 21:56:14,748 - college-recommender - INFO - ÕıÔÚ³õÊ¼»¯ÍÆ¼öÏµÍ³£¬Êı¾İ¿âÂ·¾¶: data/admissions.db
2025-11-22 21:56:14,750 - college-recommender - ERROR - ·şÎñ½«ÎŞ·¨Õı³£ÔËĞĞ£¬Çë¼ì²éÊı¾İ¿âÅäÖÃ
2025-11-22 21:56:14,758 - college-recommender - INFO - FastAPI °æ±¾: 0.33.0
2025-11-22 21:56:19,106 - college-recommender - INFO - ÕıÔÚ³õÊ¼»¯ÍÆ¼öÏµÍ³£¬Êı¾İ¿âÂ·¾¶: data/admissions.db
2025-11-22 21:56:19,109 - college-recommender - ERROR - ·şÎñ½«ÎŞ·¨Õı³£ÔËĞĞ£¬Çë¼ì²éÊı¾İ¿âÅäÖÃ
2025-11-22 21:56:19,135 - college-recommender - INFO - ÕıÔÚ³õÊ¼»¯ÍÆ¼öÏµÍ³£¬Êı¾İ¿âÂ·¾¶: data/admissions.db
2025-11-22 21:56:19,138 - college-recommender - ERROR - ·şÎñ½«ÎŞ·¨Õı³£ÔËĞĞ£¬Çë¼ì²éÊı¾İ¿âÅäÖÃ
2025-11-22 21:56:19,147 - college-recommender - INFO - FastAPI °æ±¾: 0.33.0
2025-11-22 21:56:29,328 - college-recommender - INFO - ÕıÔÚ³õÊ¼»¯ÍÆ¼öÏµÍ³£¬Êı¾İ¿âÂ·¾¶: data/admissions.db
2025-11-22 21:56:29,330 - college-recommender - ERROR - ·şÎñ½«ÎŞ·¨Õı³£ÔËĞĞ£¬Çë¼ì²éÊı¾İ¿âÅäÖÃ
2025-11-22 21:56:29,356 - college-recommender - INFO - ÕıÔÚ³õÊ¼»¯ÍÆ¼öÏµÍ³£¬Êı¾İ¿âÂ·¾¶: data/admissions.db
2025-11-22 21:56:29,359 - college-recommender - ERROR - ·şÎñ½«ÎŞ·¨Õı³£ÔËĞĞ£¬Çë¼ì²éÊı¾İ¿âÅäÖÃ
2025-11-22 21:56:29,367 - college-recommender - INFO - FastAPI °æ±¾: 0.33.0
2025-11-22 21:59:04,739 - college-recommender - INFO - æ­£åœ¨åˆå§‹åŒ–æ¨èç³»ç»Ÿï¼Œæ•°æ®åº“è·¯å¾„: data/admissions.db
2025-11-22 21:59:04,740 - college-recommender - ERROR - æ¨èç³»ç»Ÿåˆå§‹åŒ–å¤±è´¥: 'CollegeRecommender' object has no attribute '_ensure_no_duplicates'
2025-11-22 21:59:04,740 - college-recommender - ERROR - æœåŠ¡å°†æ— æ³•æ­£å¸¸è¿è¡Œï¼Œè¯·æ£€æŸ¥æ•°æ®åº“é…ç½®
2025-11-22 21:59:04,745 - college-recommender - INFO - å¯åŠ¨é…ç½® - HOST: 0.0.0.0, PORT: 8000, RELOAD: False, WORKERS: 1
2025-11-22 21:59:04,771 - college-recommender - INFO - æ­£åœ¨åˆå§‹åŒ–æ¨èç³»ç»Ÿï¼Œæ•°æ®åº“è·¯å¾„: data/admissions.db
2025-11-22 21:59:04,771 - college-recommender - ERROR - æ¨èç³»ç»Ÿåˆå§‹åŒ–å¤±è´¥: 'CollegeRecommender' object has no attribute '_ensure_no_duplicates'
2025-11-22 21:59:04,771 - college-recommender - ERROR - æœåŠ¡å°†æ— æ³•æ­£å¸¸è¿è¡Œï¼Œè¯·æ£€æŸ¥æ•°æ®åº“é…ç½®
2025-11-22 21:59:04,778 - college-recommender - INFO - åº”ç”¨å¯åŠ¨ä¸­...
2025-11-22 21:59:04,778 - college-recommender - INFO - FastAPI ç‰ˆæœ¬: 0.33.0
2025-11-22 21:59:04,778 - college-recommender - INFO - SQLite3 ç‰ˆæœ¬: 3.35.5
2025-11-22 21:59:25,544 - college-recommender - ERROR - å…¨å±€å¼‚å¸¸æ•è·: parameter `request` must be an instance of starlette.requests.Request
2025-11-22 21:59:25,544 - college-recommender - ERROR - è¯¦ç»†å †æ ˆè·Ÿè¸ª:
Traceback (most recent call last):
  File "C:\Users\24070\AppData\Local\Programs\Python\Python38\lib\site-packages\starlette\middleware\errors.py", line 165, in __call__
    await self.app(scope, receive, _send)
  File "C:\Users\24070\AppData\Local\Programs\Python\Python38\lib\site-packages\starlette\middleware\exceptions.py", line 62, in __call__
    await wrap_app_handling_exceptions(self.app, conn)(scope, receive, send)
  File "C:\Users\24070\AppData\Local\Programs\Python\Python38\lib\site-packages\starlette\_exception_handler.py", line 53, in wrapped_app
    raise exc
  File "C:\Users\24070\AppData\Local\Programs\Python\Python38\lib\site-packages\starlette\_exception_handler.py", line 42, in wrapped_app
    await app(scope, receive, sender)
  File "C:\Users\24070\AppData\Local\Programs\Python\Python38\lib\site-packages\fastapi\middleware\asyncexitstack.py", line 18, in __call__
    await self.app(scope, receive, send)
  File "C:\Users\24070\AppData\Local\Programs\Python\Python38\lib\site-packages\starlette\routing.py", line 715, in __call__
    await self.middleware_stack(scope, receive, send)
  File "C:\Users\24070\AppData\Local\Programs\Python\Python38\lib\site-packages\starlette\routing.py", line 735, in app
    await route.handle(scope, receive, send)
  File "C:\Users\24070\AppData\Local\Programs\Python\Python38\lib\site-packages\starlette\routing.py", line 288, in handle
    await self.app(scope, receive, send)
  File "C:\Users\24070\AppData\Local\Programs\Python\Python38\lib\site-packages\fastapi\routing.py", line 125, in app
    await wrap_app_handling_exceptions(app, request)(scope, receive, send)
  File "C:\Users\24070\AppData\Local\Programs\Python\Python38\lib\site-packages\starlette\_exception_handler.py", line 53, in wrapped_app
    raise exc
  File "C:\Users\24070\AppData\Local\Programs\Python\Python38\lib\site-packages\starlette\_exception_handler.py", line 42, in wrapped_app
    await app(scope, receive, sender)
  File "C:\Users\24070\AppData\Local\Programs\Python\Python38\lib\site-packages\fastapi\routing.py", line 111, in app
    response = await f(request)
  File "C:\Users\24070\AppData\Local\Programs\Python\Python38\lib\site-packages\fastapi\routing.py", line 391, in app
    raw_response = await run_endpoint_function(
  File "C:\Users\24070\AppData\Local\Programs\Python\Python38\lib\site-packages\fastapi\routing.py", line 290, in run_endpoint_function
    return await dependant.call(**values)
  File "C:\Users\24070\AppData\Local\Programs\Python\Python38\lib\site-packages\slowapi\extension.py", line 725, in async_wrapper
    raise Exception(
Exception: parameter `request` must be an instance of starlette.requests.Request
2025-11-22 21:59:46,126 - college-recommender - ERROR - å…¨å±€å¼‚å¸¸æ•è·: parameter `request` must be an instance of starlette.requests.Request
2025-11-22 21:59:46,127 - college-recommender - ERROR - è¯¦ç»†å †æ ˆè·Ÿè¸ª:
Traceback (most recent call last):
  File "C:\Users\24070\AppData\Local\Programs\Python\Python38\lib\site-packages\starlette\middleware\errors.py", line 165, in __call__
    await self.app(scope, receive, _send)
  File "C:\Users\24070\AppData\Local\Programs\Python\Python38\lib\site-packages\starlette\middleware\exceptions.py", line 62, in __call__
    await wrap_app_handling_exceptions(self.app, conn)(scope, receive, send)
  File "C:\Users\24070\AppData\Local\Programs\Python\Python38\lib\site-packages\starlette\_exception_handler.py", line 53, in wrapped_app
    raise exc
  File "C:\Users\24070\AppData\Local\Programs\Python\Python38\lib\site-packages\starlette\_exception_handler.py", line 42, in wrapped_app
    await app(scope, receive, sender)
  File "C:\Users\24070\AppData\Local\Programs\Python\Python38\lib\site-packages\fastapi\middleware\asyncexitstack.py", line 18, in __call__
    await self.app(scope, receive, send)
  File "C:\Users\24070\AppData\Local\Programs\Python\Python38\lib\site-packages\starlette\routing.py", line 715, in __call__
    await self.middleware_stack(scope, receive, send)
  File "C:\Users\24070\AppData\Local\Programs\Python\Python38\lib\site-packages\starlette\routing.py", line 735, in app
    await route.handle(scope, receive, send)
  File "C:\Users\24070\AppData\Local\Programs\Python\Python38\lib\site-packages\starlette\routing.py", line 288, in handle
    await self.app(scope, receive, send)
  File "C:\Users\24070\AppData\Local\Programs\Python\Python38\lib\site-packages\fastapi\routing.py", line 125, in app
    await wrap_app_handling_exceptions(app, request)(scope, receive, send)
  File "C:\Users\24070\AppData\Local\Programs\Python\Python38\lib\site-packages\starlette\_exception_handler.py", line 53, in wrapped_app
    raise exc
  File "C:\Users\24070\AppData\Local\Programs\Python\Python38\lib\site-packages\starlette\_exception_handler.py", line 42, in wrapped_app
    await app(scope, receive, sender)
  File "C:\Users\24070\AppData\Local\Programs\Python\Python38\lib\site-packages\fastapi\routing.py", line 111, in app
    response = await f(request)
  File "C:\Users\24070\AppData\Local\Programs\Python\Python38\lib\site-packages\fastapi\routing.py", line 391, in app
    raw_response = await run_endpoint_function(
  File "C:\Users\24070\AppData\Local\Programs\Python\Python38\lib\site-packages\fastapi\routing.py", line 290, in run_endpoint_function
    return await dependant.call(**values)
  File "C:\Users\24070\AppData\Local\Programs\Python\Python38\lib\site-packages\slowapi\extension.py", line 725, in async_wrapper
    raise Exception(
Exception: parameter `request` must be an instance of starlette.requests.Request
2025-11-22 22:08:51,836 - college-recommender - INFO - åº”ç”¨æ­£åœ¨å…³é—­...
2025-11-22 22:08:54,286 - college-recommender - INFO - æ­£åœ¨åˆå§‹åŒ–æ¨èç³»ç»Ÿï¼Œæ•°æ®åº“è·¯å¾„: data/admissions.db
2025-11-22 22:08:54,303 - college-recommender - INFO - æ¨èç³»ç»Ÿåˆå§‹åŒ–æˆåŠŸ
2025-11-22 22:08:54,309 - college-recommender - INFO - å¯åŠ¨é…ç½® - HOST: 0.0.0.0, PORT: 8000, RELOAD: False, WORKERS: 1
2025-11-22 22:08:54,334 - college-recommender - INFO - æ­£åœ¨åˆå§‹åŒ–æ¨èç³»ç»Ÿï¼Œæ•°æ®åº“è·¯å¾„: data/admissions.db
2025-11-22 22:08:54,351 - college-recommender - INFO - æ¨èç³»ç»Ÿåˆå§‹åŒ–æˆåŠŸ
2025-11-22 22:08:54,356 - college-recommender - INFO - åº”ç”¨å¯åŠ¨ä¸­...
2025-11-22 22:08:54,356 - college-recommender - INFO - Uvicorn ç‰ˆæœ¬: 0.33.0
2025-11-22 22:08:54,356 - college-recommender - INFO - SQLite3 ç‰ˆæœ¬: 3.35.5
2025-11-22 22:08:54,356 - college-recommender - INFO - æ•°æ®åº“é¢„çƒ­å®Œæˆï¼Œæ€»è®°å½•æ•°: 5096
2025-11-22 22:08:58,602 - fastapi - WARNING - email-validator not installed, email fields will be treated as str.
To install, run: pip install email-validator
2025-11-22 22:09:18,743 - college-recommender - ERROR - å…¨å±€å¼‚å¸¸æ•è·: parameter `request` must be an instance of starlette.requests.Request
2025-11-22 22:09:18,743 - college-recommender - ERROR - è¯¦ç»†å †æ ˆè·Ÿè¸ª:
Traceback (most recent call last):
  File "C:\Users\24070\AppData\Local\Programs\Python\Python38\lib\site-packages\starlette\middleware\errors.py", line 165, in __call__
    await self.app(scope, receive, _send)
  File "C:\Users\24070\AppData\Local\Programs\Python\Python38\lib\site-packages\starlette\middleware\cors.py", line 93, in __call__
    await self.simple_response(scope, receive, send, request_headers=headers)
  File "C:\Users\24070\AppData\Local\Programs\Python\Python38\lib\site-packages\starlette\middleware\cors.py", line 144, in simple_response
    await self.app(scope, receive, send)
  File "C:\Users\24070\AppData\Local\Programs\Python\Python38\lib\site-packages\starlette\middleware\exceptions.py", line 62, in __call__
    await wrap_app_handling_exceptions(self.app, conn)(scope, receive, send)
  File "C:\Users\24070\AppData\Local\Programs\Python\Python38\lib\site-packages\starlette\_exception_handler.py", line 53, in wrapped_app
    raise exc
  File "C:\Users\24070\AppData\Local\Programs\Python\Python38\lib\site-packages\starlette\_exception_handler.py", line 42, in wrapped_app
    await app(scope, receive, sender)
  File "C:\Users\24070\AppData\Local\Programs\Python\Python38\lib\site-packages\fastapi\middleware\asyncexitstack.py", line 18, in __call__
    await self.app(scope, receive, send)
  File "C:\Users\24070\AppData\Local\Programs\Python\Python38\lib\site-packages\starlette\routing.py", line 715, in __call__
    await self.middleware_stack(scope, receive, send)
  File "C:\Users\24070\AppData\Local\Programs\Python\Python38\lib\site-packages\starlette\routing.py", line 735, in app
    await route.handle(scope, receive, send)
  File "C:\Users\24070\AppData\Local\Programs\Python\Python38\lib\site-packages\starlette\routing.py", line 288, in handle
    await self.app(scope, receive, send)
  File "C:\Users\24070\AppData\Local\Programs\Python\Python38\lib\site-packages\fastapi\routing.py", line 125, in app
    await wrap_app_handling_exceptions(app, request)(scope, receive, send)
  File "C:\Users\24070\AppData\Local\Programs\Python\Python38\lib\site-packages\starlette\_exception_handler.py", line 53, in wrapped_app
    raise exc
  File "C:\Users\24070\AppData\Local\Programs\Python\Python38\lib\site-packages\starlette\_exception_handler.py", line 42, in wrapped_app
    await app(scope, receive, sender)
  File "C:\Users\24070\AppData\Local\Programs\Python\Python38\lib\site-packages\fastapi\routing.py", line 111, in app
    response = await f(request)
  File "C:\Users\24070\AppData\Local\Programs\Python\Python38\lib\site-packages\fastapi\routing.py", line 391, in app
    raw_response = await run_endpoint_function(
  File "C:\Users\24070\AppData\Local\Programs\Python\Python38\lib\site-packages\fastapi\routing.py", line 290, in run_endpoint_function
    return await dependant.call(**values)
  File "C:\Users\24070\AppData\Local\Programs\Python\Python38\lib\site-packages\slowapi\extension.py", line 725, in async_wrapper
    raise Exception(
Exception: parameter `request` must be an instance of starlette.requests.Request
2025-11-22 22:10:45,936 - college-recommender - INFO - åº”ç”¨æ­£åœ¨å…³é—­...
2025-11-22 22:10:45,936 - college-recommender - INFO - æ•°æ®åº“è¿æ¥å·²å…³é—­
2025-11-22 22:12:41,696 - college-recommender - INFO - æ­£åœ¨åˆå§‹åŒ–æ¨èç³»ç»Ÿï¼Œæ•°æ®åº“è·¯å¾„: data/admissions.db
2025-11-22 22:12:41,716 - college-recommender - INFO - æ¨èç³»ç»Ÿåˆå§‹åŒ–æˆåŠŸ
2025-11-22 22:12:41,722 - college-recommender - INFO - å¯åŠ¨é…ç½® - HOST: 0.0.0.0, PORT: 8000, RELOAD: False, WORKERS: 1
2025-11-22 22:12:41,745 - college-recommender - INFO - æ­£åœ¨åˆå§‹åŒ–æ¨èç³»ç»Ÿï¼Œæ•°æ®åº“è·¯å¾„: data/admissions.db
2025-11-22 22:12:41,766 - college-recommender - INFO - æ¨èç³»ç»Ÿåˆå§‹åŒ–æˆåŠŸ
2025-11-22 22:12:41,772 - college-recommender - INFO - åº”ç”¨å¯åŠ¨ä¸­...
2025-11-22 22:12:41,772 - college-recommender - INFO - Uvicorn ç‰ˆæœ¬: 0.33.0
2025-11-22 22:12:41,772 - college-recommender - INFO - SQLite3 ç‰ˆæœ¬: 3.35.5
2025-11-22 22:12:41,772 - college-recommender - INFO - æ•°æ®åº“é¢„çƒ­å®Œæˆï¼Œæ€»è®°å½•æ•°: 5096
2025-11-22 22:12:44,332 - fastapi - WARNING - email-validator not installed, email fields will be treated as str.
To install, run: pip install email-validator
2025-11-22 22:12:47,113 - college-recommender - ERROR - å…¨å±€å¼‚å¸¸æ•è·: parameter `request` must be an instance of starlette.requests.Request
2025-11-22 22:12:47,113 - college-recommender - ERROR - è¯¦ç»†å †æ ˆè·Ÿè¸ª:
Traceback (most recent call last):
  File "C:\Users\24070\AppData\Local\Programs\Python\Python38\lib\site-packages\starlette\middleware\errors.py", line 165, in __call__
    await self.app(scope, receive, _send)
  File "C:\Users\24070\AppData\Local\Programs\Python\Python38\lib\site-packages\starlette\middleware\cors.py", line 93, in __call__
    await self.simple_response(scope, receive, send, request_headers=headers)
  File "C:\Users\24070\AppData\Local\Programs\Python\Python38\lib\site-packages\starlette\middleware\cors.py", line 144, in simple_response
    await self.app(scope, receive, send)
  File "C:\Users\24070\AppData\Local\Programs\Python\Python38\lib\site-packages\starlette\middleware\exceptions.py", line 62, in __call__
    await wrap_app_handling_exceptions(self.app, conn)(scope, receive, send)
  File "C:\Users\24070\AppData\Local\Programs\Python\Python38\lib\site-packages\starlette\_exception_handler.py", line 53, in wrapped_app
    raise exc
  File "C:\Users\24070\AppData\Local\Programs\Python\Python38\lib\site-packages\starlette\_exception_handler.py", line 42, in wrapped_app
    await app(scope, receive, sender)
  File "C:\Users\24070\AppData\Local\Programs\Python\Python38\lib\site-packages\fastapi\middleware\asyncexitstack.py", line 18, in __call__
    await self.app(scope, receive, send)
  File "C:\Users\24070\AppData\Local\Programs\Python\Python38\lib\site-packages\starlette\routing.py", line 715, in __call__
    await self.middleware_stack(scope, receive, send)
  File "C:\Users\24070\AppData\Local\Programs\Python\Python38\lib\site-packages\starlette\routing.py", line 735, in app
    await route.handle(scope, receive, send)
  File "C:\Users\24070\AppData\Local\Programs\Python\Python38\lib\site-packages\starlette\routing.py", line 288, in handle
    await self.app(scope, receive, send)
  File "C:\Users\24070\AppData\Local\Programs\Python\Python38\lib\site-packages\fastapi\routing.py", line 125, in app
    await wrap_app_handling_exceptions(app, request)(scope, receive, send)
  File "C:\Users\24070\AppData\Local\Programs\Python\Python38\lib\site-packages\starlette\_exception_handler.py", line 53, in wrapped_app
    raise exc
  File "C:\Users\24070\AppData\Local\Programs\Python\Python38\lib\site-packages\starlette\_exception_handler.py", line 42, in wrapped_app
    await app(scope, receive, sender)
  File "C:\Users\24070\AppData\Local\Programs\Python\Python38\lib\site-packages\fastapi\routing.py", line 111, in app
    response = await f(request)
  File "C:\Users\24070\AppData\Local\Programs\Python\Python38\lib\site-packages\fastapi\routing.py", line 391, in app
    raw_response = await run_endpoint_function(
  File "C:\Users\24070\AppData\Local\Programs\Python\Python38\lib\site-packages\fastapi\routing.py", line 290, in run_endpoint_function
    return await dependant.call(**values)
  File "C:\Users\24070\AppData\Local\Programs\Python\Python38\lib\site-packages\slowapi\extension.py", line 725, in async_wrapper
    raise Exception(
Exception: parameter `request` must be an instance of starlette.requests.Request
2025-11-22 22:16:38,462 - college-recommender - INFO - åº”ç”¨æ­£åœ¨å…³é—­...
2025-11-22 22:16:38,462 - college-recommender - INFO - æ•°æ®åº“è¿æ¥å·²å…³é—­
2025-11-22 22:16:40,765 - college-recommender - INFO - æ­£åœ¨åˆå§‹åŒ–æ¨èç³»ç»Ÿï¼Œæ•°æ®åº“è·¯å¾„: data/admissions.db
2025-11-22 22:16:40,783 - college-recommender - INFO - æ¨èç³»ç»Ÿåˆå§‹åŒ–æˆåŠŸ
2025-11-22 22:16:40,789 - college-recommender - INFO - å¯åŠ¨é…ç½® - HOST: 0.0.0.0, PORT: 8000, RELOAD: False, WORKERS: 1
2025-11-22 22:16:40,814 - college-recommender - INFO - æ­£åœ¨åˆå§‹åŒ–æ¨èç³»ç»Ÿï¼Œæ•°æ®åº“è·¯å¾„: data/admissions.db
2025-11-22 22:16:40,832 - college-recommender - INFO - æ¨èç³»ç»Ÿåˆå§‹åŒ–æˆåŠŸ
2025-11-22 22:16:40,836 - college-recommender - INFO - åº”ç”¨å¯åŠ¨ä¸­...
2025-11-22 22:16:40,836 - college-recommender - INFO - Uvicorn ç‰ˆæœ¬: 0.33.0
2025-11-22 22:16:40,836 - college-recommender - INFO - SQLite3 ç‰ˆæœ¬: 3.35.5
2025-11-22 22:16:40,838 - college-recommender - INFO - æ•°æ®åº“é¢„çƒ­å®Œæˆï¼Œæ€»è®°å½•æ•°: 5096
2025-11-22 22:16:43,774 - fastapi - WARNING - email-validator not installed, email fields will be treated as str.
To install, run: pip install email-validator
2025-11-22 22:16:52,684 - college-recommender - INFO - æ”¶åˆ°ç­–ç•¥æ¨èè¯·æ±‚: {'score': 750, 'rank': 1, 'province': 'å¹¿ä¸œ', 'exam_type': 'ç‰©ç†ç±»', 'top_n': 15}
2025-11-22 22:16:52,685 - college-recommender - WARNING - ç­–ç•¥æ¨èè¿”å›è­¦å‘Š: æœªæ‰¾åˆ°åŒ¹é…é™¢æ ¡ï¼Œè¯·å°è¯•è°ƒæ•´åˆ†æ•°æˆ–æ’åèŒƒå›´
2025-11-22 22:17:04,331 - college-recommender - INFO - æ”¶åˆ°ç­–ç•¥æ¨èè¯·æ±‚: {'score': 600, 'rank': 15000, 'province': 'å¹¿ä¸œ', 'exam_type': 'ç‰©ç†ç±»', 'top_n': 15}
2025-11-22 22:17:04,335 - college-recommender - INFO - ç­–ç•¥æ¨èæˆåŠŸå®Œæˆï¼Œè€—æ—¶: 0.004sï¼Œæ€»è®¡: 9 æ‰€é™¢æ ¡
2025-11-22 22:23:49,658 - college-recommender - INFO - åº”ç”¨æ­£åœ¨å…³é—­...
2025-11-22 22:23:49,658 - college-recommender - INFO - æ•°æ®åº“è¿æ¥å·²å…³é—­
2025-11-22 22:23:52,720 - college-recommender - INFO - æ­£åœ¨åˆå§‹åŒ–æ¨èç³»ç»Ÿï¼Œæ•°æ®åº“è·¯å¾„: data/admissions.db
2025-11-22 22:23:52,739 - college-recommender - INFO - æ¨èç³»ç»Ÿåˆå§‹åŒ–æˆåŠŸ
2025-11-22 22:23:52,745 - college-recommender - INFO - å¯åŠ¨é…ç½® - HOST: 0.0.0.0, PORT: 8000, RELOAD: False, WORKERS: 1
2025-11-22 22:23:52,745 - college-recommender - WARNING - æ³¨æ„ï¼šå½“å‰ç³»ç»Ÿä»…é…ç½®äº†2025å¹´å¹¿ä¸œçœå½•å–æ•°æ®
2025-11-22 22:23:52,794 - college-recommender - INFO - æ­£åœ¨åˆå§‹åŒ–æ¨èç³»ç»Ÿï¼Œæ•°æ®åº“è·¯å¾„: data/admissions.db
2025-11-22 22:23:52,812 - college-recommender - INFO - æ¨èç³»ç»Ÿåˆå§‹åŒ–æˆåŠŸ
2025-11-22 22:23:52,818 - college-recommender - INFO - åº”ç”¨å¯åŠ¨ä¸­...
2025-11-22 22:23:52,818 - college-recommender - INFO - Uvicorn ç‰ˆæœ¬: 0.33.0
2025-11-22 22:23:52,818 - college-recommender - INFO - SQLite3 ç‰ˆæœ¬: 3.35.5
2025-11-22 22:23:52,818 - college-recommender - INFO - æ•°æ®åº“é¢„çƒ­å®Œæˆï¼Œæ€»è®°å½•æ•°: 5096
2025-11-22 22:23:52,818 - college-recommender - INFO - æ•°æ®åº“åŒ…å«çœä»½: å¹¿ä¸œ
2025-11-22 22:23:52,818 - college-recommender - INFO - æ•°æ®åº“åŒ…å«å¹´ä»½: 2025
2025-11-22 22:23:55,429 - fastapi - WARNING - email-validator not installed, email fields will be treated as str.
To install, run: pip install email-validator
2025-11-22 22:24:30,079 - college-recommender - INFO - æ”¶åˆ°ç­–ç•¥æ¨èè¯·æ±‚: {'score': 750, 'rank': 1, 'province': 'å¹¿ä¸œ', 'exam_type': 'ç‰©ç†ç±»', 'top_n': 15}
2025-11-22 22:24:30,079 - college-recommender - ERROR - ç­–ç•¥æ¨èå¤„ç†å¤±è´¥: 'CollegeRecommender' object has no attribute 'get_recommendations_for_single_year'
2025-11-22 22:24:30,079 - college-recommender - ERROR - è¯¦ç»†é”™è¯¯ä¿¡æ¯:
Traceback (most recent call last):
  File "E:\Study\college-recommender\main.py", line 370, in recommend_strategy
    strategies_result = app.state.recommender.get_recommendations_for_single_year(
AttributeError: 'CollegeRecommender' object has no attribute 'get_recommendations_for_single_year'
2025-11-22 22:24:52,398 - college-recommender - INFO - æ”¶åˆ°ç­–ç•¥æ¨èè¯·æ±‚: {'score': 650, 'rank': 8000, 'province': 'å¹¿ä¸œ', 'exam_type': 'ç‰©ç†ç±»', 'top_n': 15}
2025-11-22 22:24:52,398 - college-recommender - ERROR - ç­–ç•¥æ¨èå¤„ç†å¤±è´¥: 'CollegeRecommender' object has no attribute 'get_recommendations_for_single_year'
2025-11-22 22:24:52,398 - college-recommender - ERROR - è¯¦ç»†é”™è¯¯ä¿¡æ¯:
Traceback (most recent call last):
  File "E:\Study\college-recommender\main.py", line 370, in recommend_strategy
    strategies_result = app.state.recommender.get_recommendations_for_single_year(
AttributeError: 'CollegeRecommender' object has no attribute 'get_recommendations_for_single_year'
2025-11-22 22:35:18,406 - college-recommender - INFO - åº”ç”¨æ­£åœ¨å…³é—­...
2025-11-22 22:35:18,406 - college-recommender - INFO - æ•°æ®åº“è¿æ¥å·²å…³é—­
2025-11-22 23:23:31,402 - college-recommender - INFO - æ­£åœ¨åˆå§‹åŒ–æ¨èç³»ç»Ÿï¼Œæ•°æ®åº“è·¯å¾„: data/admissions.db
2025-11-22 23:23:31,456 - college-recommender - INFO - æ¨èç³»ç»Ÿåˆå§‹åŒ–æˆåŠŸ
2025-11-22 23:23:31,462 - college-recommender - INFO - å¯åŠ¨é…ç½® - HOST: 0.0.0.0, PORT: 8000, RELOAD: False, WORKERS: 1
2025-11-22 23:23:31,493 - college-recommender - INFO - æ­£åœ¨åˆå§‹åŒ–æ¨èç³»ç»Ÿï¼Œæ•°æ®åº“è·¯å¾„: data/admissions.db
2025-11-22 23:23:31,578 - college-recommender - INFO - æ¨èç³»ç»Ÿåˆå§‹åŒ–æˆåŠŸ
2025-11-22 23:23:31,583 - college-recommender - INFO - åº”ç”¨å¯åŠ¨ä¸­...
2025-11-22 23:23:31,583 - college-recommender - INFO - Uvicorn ç‰ˆæœ¬: 0.33.0
2025-11-22 23:23:31,583 - college-recommender - INFO - SQLite3 ç‰ˆæœ¬: 3.35.5
2025-11-22 23:23:31,584 - college-recommender - INFO - æ•°æ®åº“é¢„çƒ­å®Œæˆï¼Œæ€»è®°å½•æ•°: 13990
2025-11-22 23:23:34,201 - fastapi - WARNING - email-validator not installed, email fields will be treated as str.
To install, run: pip install email-validator
2025-11-22 23:23:52,433 - college-recommender - INFO - æ”¶åˆ°å­¦æ ¡æŸ¥è¯¢è¯·æ±‚: {'school_name': 'string', 'province': 'å¹¿ä¸œ', 'exam_type': 'ç‰©ç†ç±»'}
2025-11-22 23:23:52,433 - college-recommender - INFO - å­¦æ ¡æŸ¥è¯¢å®Œæˆ: string
2025-11-22 23:24:03,600 - college-recommender - INFO - æ”¶åˆ°å­¦æ ¡æŸ¥è¯¢è¯·æ±‚: {'school_name': 'æ¸…åå¤§å­¦', 'province': 'å¹¿ä¸œ', 'exam_type': 'ç‰©ç†ç±»'}
2025-11-22 23:24:03,601 - college-recommender - INFO - å­¦æ ¡æŸ¥è¯¢å®Œæˆ: æ¸…åå¤§å­¦
2025-11-22 23:27:20,367 - college-recommender - INFO - æ”¶åˆ°å­¦æ ¡æŸ¥è¯¢è¯·æ±‚: {'school_name': 'åŒ—äº¬å¤§å­¦', 'province': 'å¹¿ä¸œ', 'exam_type': 'ç‰©ç†ç±»'}
2025-11-22 23:27:20,367 - college-recommender - INFO - å­¦æ ¡æŸ¥è¯¢å®Œæˆ: åŒ—äº¬å¤§å­¦
2025-11-22 23:27:55,033 - college-recommender - INFO - æ”¶åˆ°ç­–ç•¥æ¨èè¯·æ±‚: {'score': 600, 'rank': 13000, 'province': 'å¹¿ä¸œ', 'exam_type': 'ç‰©ç†ç±»', 'top_n': 15}
2025-11-22 23:27:55,040 - college-recommender - INFO - ç­–ç•¥æ¨èæˆåŠŸå®Œæˆï¼Œè€—æ—¶: 0.009sï¼Œæ€»è®¡: 9 æ‰€é™¢æ ¡
2025-11-22 23:33:21,948 - college-recommender - INFO - åº”ç”¨æ­£åœ¨å…³é—­...
2025-11-22 23:33:21,948 - college-recommender - INFO - æ•°æ®åº“è¿æ¥å·²å…³é—­
